<?xml version="1.0" encoding="UTF-8"?>
<!-- Generated by org.testng.reporters.JUnitXMLReporter -->
<testsuite hostname="Saqueeb-Ali" ignored="0" name="Test" tests="1" failures="1" timestamp="26 Mar 2021 07:26:00 GMT" time="8.244" errors="0">
  <testcase name="checkSales" time="1.909" classname="com.enclouden.SalesTest">
    <failure type="java.lang.NullPointerException">
      <![CDATA[java.lang.NullPointerException
at com.enclouden.SalesTest.checkSales(SalesTest.java:19)
... Removed 25 stack frames]]>
    </failure>
  </testcase> <!-- checkSales -->
</testsuite> <!-- Test -->
