<?xml version="1.0" encoding="UTF-8"?>
<testng-results skipped="0" failed="0" ignored="0" total="1" passed="1">
  <reporter-output>
  </reporter-output>
  <suite name="Suite" duration-ms="40295" started-at="2021-03-26T16:00:07Z" finished-at="2021-03-26T16:00:47Z">
    <groups>
    </groups>
    <test name="Test" duration-ms="40295" started-at="2021-03-26T16:00:07Z" finished-at="2021-03-26T16:00:47Z">
      <class name="com.enclouden.SalesTest">
        <test-method status="PASS" signature="openBrowser()[pri:0, instance:com.enclouden.SalesTest@58cbafc2]" name="openBrowser" is-config="true" duration-ms="15661" started-at="2021-03-26T16:00:07Z" finished-at="2021-03-26T16:00:22Z">
          <reporter-output>
          </reporter-output>
        </test-method> <!-- openBrowser -->
        <test-method status="PASS" signature="checkSales()[pri:0, instance:com.enclouden.SalesTest@58cbafc2]" name="checkSales" duration-ms="24595" started-at="2021-03-26T16:00:22Z" finished-at="2021-03-26T16:00:47Z">
          <reporter-output>
          </reporter-output>
        </test-method> <!-- checkSales -->
        <test-method status="PASS" signature="closeBrowser()[pri:0, instance:com.enclouden.SalesTest@58cbafc2]" name="closeBrowser" is-config="true" duration-ms="0" started-at="2021-03-26T16:00:47Z" finished-at="2021-03-26T16:00:47Z">
          <reporter-output>
          </reporter-output>
        </test-method> <!-- closeBrowser -->
      </class> <!-- com.enclouden.SalesTest -->
    </test> <!-- Test -->
  </suite> <!-- Suite -->
</testng-results>
