<?xml version="1.0" encoding="UTF-8"?>
<testng-results skipped="0" failed="0" ignored="0" total="1" passed="1">
  <reporter-output>
  </reporter-output>
  <suite name="Default suite" duration-ms="34122" started-at="2021-03-26T15:20:15Z" finished-at="2021-03-26T15:20:49Z">
    <groups>
    </groups>
    <test name="Default test" duration-ms="34122" started-at="2021-03-26T15:20:15Z" finished-at="2021-03-26T15:20:49Z">
      <class name="com.enclouden.SalesTest">
        <test-method status="PASS" signature="openBrowser()[pri:0, instance:com.enclouden.SalesTest@2df3b89c]" name="openBrowser" is-config="true" duration-ms="12466" started-at="2021-03-26T15:20:15Z" finished-at="2021-03-26T15:20:27Z">
          <reporter-output>
          </reporter-output>
        </test-method> <!-- openBrowser -->
        <test-method status="PASS" signature="checkSales()[pri:0, instance:com.enclouden.SalesTest@2df3b89c]" name="checkSales" duration-ms="21642" started-at="2021-03-26T15:20:27Z" finished-at="2021-03-26T15:20:49Z">
          <reporter-output>
          </reporter-output>
        </test-method> <!-- checkSales -->
        <test-method status="PASS" signature="closeBrowser()[pri:0, instance:com.enclouden.SalesTest@2df3b89c]" name="closeBrowser" is-config="true" duration-ms="0" started-at="2021-03-26T15:20:49Z" finished-at="2021-03-26T15:20:49Z">
          <reporter-output>
          </reporter-output>
        </test-method> <!-- closeBrowser -->
      </class> <!-- com.enclouden.SalesTest -->
    </test> <!-- Default test -->
  </suite> <!-- Default suite -->
</testng-results>
